<?xml version="1.0" encoding="UTF-8"?>
<testng-results total="2" passed="2" failed="0" skipped="0">
  <reporter-output>
  </reporter-output>
  <suite started-at="2017-12-17T16:33:48Z" name="Default suite" finished-at="2017-12-17T16:33:49Z" duration-ms="1693">
    <groups>
    </groups>
    <test started-at="2017-12-17T16:33:48Z" name="Default test" finished-at="2017-12-17T16:33:49Z" duration-ms="1693">
      <class name="driver.FrameworkWithExcelSheet">
        <test-method is-config="true" signature="BeforeTestmethod()[pri:0, instance:driver.FrameworkWithExcelSheet@f79e]" started-at="2017-12-17T22:03:48Z" name="BeforeTestmethod" finished-at="2017-12-17T22:03:48Z" duration-ms="109" status="PASS">
          <reporter-output>
          </reporter-output>
        </test-method> <!-- BeforeTestmethod -->
        <test-method is-config="true" signature="Beforemethod()[pri:0, instance:driver.FrameworkWithExcelSheet@f79e]" started-at="2017-12-17T22:03:49Z" name="Beforemethod" finished-at="2017-12-17T22:03:49Z" duration-ms="0" status="PASS">
          <reporter-output>
          </reporter-output>
        </test-method> <!-- Beforemethod -->
        <test-method signature="Testmethod1(java.lang.String, java.lang.String)[pri:0, instance:driver.FrameworkWithExcelSheet@f79e]" started-at="2017-12-17T22:03:49Z" name="Testmethod1" data-provider="datapro" finished-at="2017-12-17T22:03:49Z" duration-ms="16" status="PASS">
          <params>
            <param index="0">
              <value>
                <![CDATA[ramesh.08lec02@gmail.com]]>
              </value>
            </param>
            <param index="1">
              <value>
                <![CDATA[Mar@2013]]>
              </value>
            </param>
          </params>
          <reporter-output>
          </reporter-output>
        </test-method> <!-- Testmethod1 -->
        <test-method is-config="true" signature="AfterMethod()[pri:0, instance:driver.FrameworkWithExcelSheet@f79e]" started-at="2017-12-17T22:03:49Z" name="AfterMethod" finished-at="2017-12-17T22:03:49Z" duration-ms="0" status="PASS">
          <reporter-output>
          </reporter-output>
        </test-method> <!-- AfterMethod -->
        <test-method is-config="true" signature="Beforemethod()[pri:0, instance:driver.FrameworkWithExcelSheet@f79e]" started-at="2017-12-17T22:03:49Z" name="Beforemethod" finished-at="2017-12-17T22:03:49Z" duration-ms="0" status="PASS">
          <reporter-output>
          </reporter-output>
        </test-method> <!-- Beforemethod -->
        <test-method signature="Testmethod1(java.lang.String, java.lang.String)[pri:0, instance:driver.FrameworkWithExcelSheet@f79e]" started-at="2017-12-17T22:03:49Z" name="Testmethod1" data-provider="datapro" finished-at="2017-12-17T22:03:49Z" duration-ms="6" status="PASS">
          <params>
            <param index="0">
              <value>
                <![CDATA[ramesh.08lec02@gmail.com]]>
              </value>
            </param>
            <param index="1">
              <value>
                <![CDATA[Mar@2013]]>
              </value>
            </param>
          </params>
          <reporter-output>
          </reporter-output>
        </test-method> <!-- Testmethod1 -->
        <test-method is-config="true" signature="AfterMethod()[pri:0, instance:driver.FrameworkWithExcelSheet@f79e]" started-at="2017-12-17T22:03:49Z" name="AfterMethod" finished-at="2017-12-17T22:03:49Z" duration-ms="1" status="PASS">
          <reporter-output>
          </reporter-output>
        </test-method> <!-- AfterMethod -->
        <test-method is-config="true" signature="AfterTest()[pri:0, instance:driver.FrameworkWithExcelSheet@f79e]" started-at="2017-12-17T22:03:49Z" name="AfterTest" finished-at="2017-12-17T22:03:49Z" duration-ms="242" status="PASS">
          <reporter-output>
          </reporter-output>
        </test-method> <!-- AfterTest -->
      </class> <!-- driver.FrameworkWithExcelSheet -->
    </test> <!-- Default test -->
  </suite> <!-- Default suite -->
</testng-results>
